[2018-10-02 21:21:48.626] [exthost1] [info] extension host started
[2018-10-02 21:21:48.644] [exthost1] [info] ExtensionService#_doActivateExtension vscode.debug-auto-launch {"startup":true,"activationEvent":"*"}
[2018-10-02 21:21:48.644] [exthost1] [info] ExtensionService#loadCommonJSModule /snap/vscode/59/usr/share/code/resources/app/extensions/debug-auto-launch/out/extension
[2018-10-02 21:21:48.650] [exthost1] [info] ExtensionService#_doActivateExtension vscode.emmet {"startup":true,"activationEvent":"*"}
[2018-10-02 21:21:48.650] [exthost1] [info] ExtensionService#loadCommonJSModule /snap/vscode/59/usr/share/code/resources/app/extensions/emmet/dist/extension
[2018-10-02 21:21:48.686] [exthost1] [info] ExtensionService#_doActivateExtension vscode.git {"startup":true,"activationEvent":"*"}
[2018-10-02 21:21:48.686] [exthost1] [info] ExtensionService#loadCommonJSModule /snap/vscode/59/usr/share/code/resources/app/extensions/git/dist/main
[2018-10-02 21:21:48.821] [exthost1] [info] ExtensionService#_doActivateExtension vscode.merge-conflict {"startup":true,"activationEvent":"*"}
[2018-10-02 21:21:48.821] [exthost1] [info] ExtensionService#loadCommonJSModule /snap/vscode/59/usr/share/code/resources/app/extensions/merge-conflict/out/extension
[2018-10-02 21:21:48.829] [exthost1] [info] ExtensionService#_doActivateExtension vscode.search-rg {"startup":true,"activationEvent":"*"}
[2018-10-02 21:21:48.829] [exthost1] [info] ExtensionService#loadCommonJSModule /snap/vscode/59/usr/share/code/resources/app/extensions/search-rg/out/extension
[2018-10-02 21:21:48.834] [exthost1] [info] eager extensions activated
[2018-10-02 21:21:48.837] [exthost1] [info] ExtensionService#_doActivateExtension vscode.typescript-language-features {"startup":false,"activationEvent":"onLanguage:javascript"}
[2018-10-02 21:21:48.837] [exthost1] [info] ExtensionService#loadCommonJSModule /snap/vscode/59/usr/share/code/resources/app/extensions/typescript-language-features/dist/extension
[2018-10-02 21:21:48.908] [exthost1] [info] ExtensionService#_doActivateExtension vscode.html-language-features {"startup":false,"activationEvent":"onLanguage:html"}
[2018-10-02 21:21:48.908] [exthost1] [info] ExtensionService#loadCommonJSModule /snap/vscode/59/usr/share/code/resources/app/extensions/html-language-features/client/dist/htmlMain
[2018-10-02 21:22:27.222] [exthost1] [info] ExtensionService#_doActivateExtension vscode.extension-editing {"startup":false,"activationEvent":"onLanguage:typescript"}
[2018-10-02 21:22:27.222] [exthost1] [info] ExtensionService#loadCommonJSModule /snap/vscode/59/usr/share/code/resources/app/extensions/extension-editing/out/extension
[2018-10-02 21:28:34.132] [exthost1] [info] ExtensionService#_doActivateExtension PeterJausovec.vscode-docker {"startup":false,"activationEvent":"onLanguage:yaml"}
[2018-10-02 21:28:34.132] [exthost1] [info] ExtensionService#loadCommonJSModule /home/pk/.vscode/extensions/peterjausovec.vscode-docker-0.3.1/out/dockerExtension
