[2018-10-01 19:06:46.320] [exthost1] [info] extension host started
[2018-10-01 19:06:46.337] [exthost1] [info] ExtensionService#_doActivateExtension vscode.debug-auto-launch {"startup":true,"activationEvent":"*"}
[2018-10-01 19:06:46.337] [exthost1] [info] ExtensionService#loadCommonJSModule /snap/vscode/59/usr/share/code/resources/app/extensions/debug-auto-launch/out/extension
[2018-10-01 19:06:46.342] [exthost1] [info] ExtensionService#_doActivateExtension vscode.emmet {"startup":true,"activationEvent":"*"}
[2018-10-01 19:06:46.342] [exthost1] [info] ExtensionService#loadCommonJSModule /snap/vscode/59/usr/share/code/resources/app/extensions/emmet/dist/extension
[2018-10-01 19:06:46.377] [exthost1] [info] ExtensionService#_doActivateExtension vscode.git {"startup":true,"activationEvent":"*"}
[2018-10-01 19:06:46.377] [exthost1] [info] ExtensionService#loadCommonJSModule /snap/vscode/59/usr/share/code/resources/app/extensions/git/dist/main
[2018-10-01 19:06:46.493] [exthost1] [info] ExtensionService#_doActivateExtension vscode.merge-conflict {"startup":true,"activationEvent":"*"}
[2018-10-01 19:06:46.493] [exthost1] [info] ExtensionService#loadCommonJSModule /snap/vscode/59/usr/share/code/resources/app/extensions/merge-conflict/out/extension
[2018-10-01 19:06:46.500] [exthost1] [info] ExtensionService#_doActivateExtension vscode.search-rg {"startup":true,"activationEvent":"*"}
[2018-10-01 19:06:46.500] [exthost1] [info] ExtensionService#loadCommonJSModule /snap/vscode/59/usr/share/code/resources/app/extensions/search-rg/out/extension
[2018-10-01 19:06:46.504] [exthost1] [info] eager extensions activated
[2018-10-01 19:07:00.961] [exthost1] [info] extension host started
[2018-10-01 19:07:00.980] [exthost1] [info] ExtensionService#_doActivateExtension vscode.debug-auto-launch {"startup":true,"activationEvent":"*"}
[2018-10-01 19:07:00.981] [exthost1] [info] ExtensionService#loadCommonJSModule /snap/vscode/59/usr/share/code/resources/app/extensions/debug-auto-launch/out/extension
[2018-10-01 19:07:00.985] [exthost1] [info] ExtensionService#_doActivateExtension vscode.emmet {"startup":true,"activationEvent":"*"}
[2018-10-01 19:07:00.985] [exthost1] [info] ExtensionService#loadCommonJSModule /snap/vscode/59/usr/share/code/resources/app/extensions/emmet/dist/extension
[2018-10-01 19:07:01.022] [exthost1] [info] ExtensionService#_doActivateExtension vscode.git {"startup":true,"activationEvent":"*"}
[2018-10-01 19:07:01.022] [exthost1] [info] ExtensionService#loadCommonJSModule /snap/vscode/59/usr/share/code/resources/app/extensions/git/dist/main
[2018-10-01 19:07:01.141] [exthost1] [info] ExtensionService#_doActivateExtension vscode.merge-conflict {"startup":true,"activationEvent":"*"}
[2018-10-01 19:07:01.141] [exthost1] [info] ExtensionService#loadCommonJSModule /snap/vscode/59/usr/share/code/resources/app/extensions/merge-conflict/out/extension
[2018-10-01 19:07:01.149] [exthost1] [info] ExtensionService#_doActivateExtension vscode.search-rg {"startup":true,"activationEvent":"*"}
[2018-10-01 19:07:01.149] [exthost1] [info] ExtensionService#loadCommonJSModule /snap/vscode/59/usr/share/code/resources/app/extensions/search-rg/out/extension
[2018-10-01 19:07:01.153] [exthost1] [info] eager extensions activated
